# JRE version: OpenJDK Runtime Environment Temurin-21.0.5+11 (21.0.5+11) (build 21.0.5+11-LTS)
# Java VM: OpenJDK 64-Bit Server VM Temurin-21.0.5+11 (21.0.5+11-LTS, mixed mode, emulated-client, sharing, tiered, compressed oops, compressed class ptrs, g1 gc, windows-amd64)
GC Precious Log:
 CardTable entry size: 512
 Card Set container configuration: InlinePtr #cards 4 size 8 Array Of Cards #cards 32 size 80 Howl #buckets 8 coarsen threshold 7372 Howl Bitmap #cards 1024 size 144 coarsen threshold 921 Card regions per heap region 1 cards per card region 8192
 CPUs: 4 total, 4 available
 Memory: 20403M
 Large Page Support: Disabled
 NUMA Support: Disabled
 Compressed Oops: Enabled (Zero based)
 Heap Region Size: 4M
 Heap Min Capacity: 8M
 Heap Initial Capacity: 320M
 Heap Max Capacity: 5104M
 Pre-touch: Disabled
 Parallel Workers: 4
 Concurrent Workers: 1
 Concurrent Refinement Workers: 4
 Periodic GC: Disabled
Heap:
 garbage-first heap   total 98304K, used 73185K [0x00000006c1000000, 0x0000000800000000)
  region size 4096K, 10 young (40960K), 2 survivors (8192K)
 Metaspace       used 86608K, committed 87616K, reserved 1179648K
  class space    used 11566K, committed 12032K, reserved 1048576K
GC Heap History (20 events):
Event: 710.472 GC heap after
{Heap after GC invocations=65 (full 13):
 garbage-first heap   total 98304K, used 38977K [0x00000006c1000000, 0x0000000800000000)
  region size 4096K, 1 young (4096K), 1 survivors (4096K)
 Metaspace       used 84247K, committed 85184K, reserved 1179648K
  class space    used 11330K, committed 11776K, reserved 1048576K
}
Event: 710.928 GC heap before
{Heap before GC invocations=65 (full 13):
 garbage-first heap   total 98304K, used 75841K [0x00000006c1000000, 0x0000000800000000)
  region size 4096K, 11 young (45056K), 1 survivors (4096K)
 Metaspace       used 84716K, committed 85568K, reserved 1179648K
  class space    used 11369K, committed 11776K, reserved 1048576K
}
Event: 710.938 GC heap after
{Heap after GC invocations=66 (full 13):
 garbage-first heap   total 98304K, used 41445K [0x00000006c1000000, 0x0000000800000000)
  region size 4096K, 2 young (8192K), 2 survivors (8192K)
 Metaspace       used 84716K, committed 85568K, reserved 1179648K
  class space    used 11369K, committed 11776K, reserved 1048576K
}
Event: 717.848 GC heap before
{Heap before GC invocations=66 (full 13):
 garbage-first heap   total 98304K, used 49637K [0x00000006c1000000, 0x0000000800000000)
  region size 4096K, 5 young (20480K), 2 survivors (8192K)
 Metaspace       used 84719K, committed 85696K, reserved 1179648K
  class space    used 11369K, committed 11840K, reserved 1048576K
}
Event: 717.927 GC heap after
{Heap after GC invocations=67 (full 14):
 garbage-first heap   total 98304K, used 35336K [0x00000006c1000000, 0x0000000800000000)
  region size 4096K, 0 young (0K), 0 survivors (0K)
 Metaspace       used 84716K, committed 85696K, reserved 1179648K
  class space    used 11369K, committed 11840K, reserved 1048576K
}
Event: 718.491 GC heap before
{Heap before GC invocations=67 (full 14):
 garbage-first heap   total 98304K, used 76296K [0x00000006c1000000, 0x0000000800000000)
  region size 4096K, 11 young (45056K), 0 survivors (0K)
 Metaspace       used 84918K, committed 85824K, reserved 1179648K
  class space    used 11399K, committed 11840K, reserved 1048576K
}
Event: 718.495 GC heap after
{Heap after GC invocations=68 (full 14):
 garbage-first heap   total 98304K, used 39009K [0x00000006c1000000, 0x0000000800000000)
  region size 4096K, 1 young (4096K), 1 survivors (4096K)
 Metaspace       used 84918K, committed 85824K, reserved 1179648K
  class space    used 11399K, committed 11840K, reserved 1048576K
}
Event: 718.876 GC heap before
{Heap before GC invocations=68 (full 14):
 garbage-first heap   total 98304K, used 79969K [0x00000006c1000000, 0x0000000800000000)
  region size 4096K, 11 young (45056K), 1 survivors (4096K)
 Metaspace       used 85388K, committed 86336K, reserved 1179648K
  class space    used 11436K, committed 11904K, reserved 1048576K
}
Event: 718.880 GC heap after
{Heap after GC invocations=69 (full 14):
 garbage-first heap   total 98304K, used 41845K [0x00000006c1000000, 0x0000000800000000)
  region size 4096K, 2 young (8192K), 2 survivors (8192K)
 Metaspace       used 85388K, committed 86336K, reserved 1179648K
  class space    used 11436K, committed 11904K, reserved 1048576K
}
Event: 725.690 GC heap before
{Heap before GC invocations=69 (full 14):
 garbage-first heap   total 98304K, used 50037K [0x00000006c1000000, 0x0000000800000000)
  region size 4096K, 5 young (20480K), 2 survivors (8192K)
 Metaspace       used 85391K, committed 86336K, reserved 1179648K
  class space    used 11437K, committed 11904K, reserved 1048576K
}
Event: 725.765 GC heap after
{Heap after GC invocations=70 (full 15):
 garbage-first heap   total 98304K, used 35650K [0x00000006c1000000, 0x0000000800000000)
  region size 4096K, 0 young (0K), 0 survivors (0K)
 Metaspace       used 85388K, committed 86336K, reserved 1179648K
  class space    used 11436K, committed 11904K, reserved 1048576K
}
Event: 727.016 GC heap before
{Heap before GC invocations=70 (full 15):
 garbage-first heap   total 98304K, used 80706K [0x00000006c1000000, 0x0000000800000000)
  region size 4096K, 11 young (45056K), 0 survivors (0K)
 Metaspace       used 85630K, committed 86592K, reserved 1179648K
  class space    used 11469K, committed 11904K, reserved 1048576K
}
Event: 727.019 GC heap after
{Heap after GC invocations=71 (full 15):
 garbage-first heap   total 98304K, used 39576K [0x00000006c1000000, 0x0000000800000000)
  region size 4096K, 1 young (4096K), 1 survivors (4096K)
 Metaspace       used 85630K, committed 86592K, reserved 1179648K
  class space    used 11469K, committed 11904K, reserved 1048576K
}
Event: 727.560 GC heap before
{Heap before GC invocations=71 (full 15):
 garbage-first heap   total 98304K, used 80536K [0x00000006c1000000, 0x0000000800000000)
  region size 4096K, 11 young (45056K), 1 survivors (4096K)
 Metaspace       used 86127K, committed 87104K, reserved 1179648K
  class space    used 11514K, committed 11968K, reserved 1048576K
}
Event: 727.567 GC heap after
{Heap after GC invocations=72 (full 15):
 garbage-first heap   total 98304K, used 42140K [0x00000006c1000000, 0x0000000800000000)
  region size 4096K, 2 young (8192K), 2 survivors (8192K)
 Metaspace       used 86127K, committed 87104K, reserved 1179648K
  class space    used 11514K, committed 11968K, reserved 1048576K
}
Event: 752.054 GC heap before
{Heap before GC invocations=72 (full 15):
 garbage-first heap   total 98304K, used 58524K [0x00000006c1000000, 0x0000000800000000)
  region size 4096K, 7 young (28672K), 2 survivors (8192K)
 Metaspace       used 86132K, committed 87104K, reserved 1179648K
  class space    used 11515K, committed 11968K, reserved 1048576K
}
Event: 752.131 GC heap after
{Heap after GC invocations=73 (full 16):
 garbage-first heap   total 98304K, used 36036K [0x00000006c1000000, 0x0000000800000000)
  region size 4096K, 0 young (0K), 0 survivors (0K)
 Metaspace       used 86130K, committed 87104K, reserved 1179648K
  class space    used 11514K, committed 11968K, reserved 1048576K
}
Event: 752.697 GC heap before
{Heap before GC invocations=73 (full 16):
 garbage-first heap   total 98304K, used 76996K [0x00000006c1000000, 0x0000000800000000)
  region size 4096K, 11 young (45056K), 0 survivors (0K)
 Metaspace       used 86329K, committed 87360K, reserved 1179648K
  class space    used 11544K, committed 12032K, reserved 1048576K
}
Event: 752.700 GC heap after
{Heap after GC invocations=74 (full 16):
 garbage-first heap   total 98304K, used 40417K [0x00000006c1000000, 0x0000000800000000)
  region size 4096K, 2 young (8192K), 2 survivors (8192K)
 Metaspace       used 86329K, committed 87360K, reserved 1179648K
  class space    used 11544K, committed 12032K, reserved 1048576K
}
Event: 775.111 GC heap before
{Heap before GC invocations=74 (full 16):
 garbage-first heap   total 98304K, used 73185K [0x00000006c1000000, 0x0000000800000000)
  region size 4096K, 10 young (40960K), 2 survivors (8192K)
 Metaspace       used 86608K, committed 87616K, reserved 1179648K
  class space    used 11566K, committed 12032K, reserved 1048576K
}

